[12:46:35.5966][Info]:[Logger initialized for process]18324
[12:46:35.6296][Info]:打印info
[12:46:35.6308][Warn]:打印warn
[12:46:35.6312][Debug]:打印debug
[12:46:35.6313][Error]:打印error
[13:49:57.7136][Info]:[Logger initialized for process]16976
[13:49:57.7424][Info]:打印info
[13:49:57.7428][Warn]:打印warn
[13:49:57.7431][Debug]:打印debug
[13:49:57.7432][Error]:打印error
[13:56:50.3115][Info]:[Logger initialized for process]24120
[13:56:50.3406][Info]:打印info
[13:56:50.3411][Warn]:打印warn
[13:56:50.3413][Debug]:打印debug
[13:56:50.3414][Error]:打印error
[14:01:05.2023][Info]:[Logger initialized for process]31220
[14:01:05.2309][Info]:打印info
[14:01:05.2314][Warn]:打印warn
[14:01:05.2322][Debug]:打印debug
[14:01:05.2323][Error]:打印error
[14:14:48.0108][Info]:[Logger initialized for process]15512
[14:14:48.0415][Info]:打印info
[14:14:48.0420][Warn]:打印warn
[14:14:48.0423][Debug]:打印debug
[14:14:48.0424][Error]:打印error
[14:18:36.1963][Info]:[Logger initialized for process]25608
[14:18:36.2255][Info]:打印info
[14:18:36.2260][Warn]:打印warn
[14:18:36.2262][Debug]:打印debug
[14:18:36.2264][Error]:打印error
[14:19:22.8702][Info]:[Logger initialized for process]22616
[14:19:22.9014][Info]:打印info
[14:19:22.9019][Warn]:打印warn
[14:19:22.9022][Debug]:打印debug
[14:19:22.9023][Error]:打印error
[15:24:47.7791][Info]:[Logger initialized for process]19548
[15:24:47.8117][Info]:打印info
[15:24:47.8124][Warn]:打印warn
[15:24:47.8127][Debug]:打印debug
[15:24:47.8130][Error]:打印error
[15:27:47.8670][Info]:[Logger initialized for process]12528
[15:27:47.8974][Info]:打印info
[15:27:47.8980][Warn]:打印warn
[15:27:47.8983][Debug]:打印debug
[15:27:47.8984][Error]:打印error
[15:28:11.5650][Info]:[Logger initialized for process]28248
[15:28:11.5965][Info]:打印info
[15:28:11.5971][Warn]:打印warn
[15:28:11.5973][Debug]:打印debug
[15:28:11.5975][Error]:打印error
[15:28:50.1547][Info]:[Logger initialized for process]32924
[15:28:50.1859][Info]:打印info
[15:28:50.1865][Warn]:打印warn
[15:28:50.1868][Debug]:打印debug
[15:28:50.1869][Error]:打印error
[15:29:37.0029][Info]:[Logger initialized for process]39332
[15:29:37.0326][Info]:打印info
[15:29:37.0331][Warn]:打印warn
[15:29:37.0334][Debug]:打印debug
[15:29:37.0335][Error]:打印error
[15:39:01.1537][Info]:[Logger initialized for process]1172
[15:39:01.1843][Info]:打印info
[15:39:01.1847][Warn]:打印warn
[15:39:01.1849][Debug]:打印debug
[15:39:01.1851][Error]:打印error
[15:39:14.2603][Info]:[Logger initialized for process]9628
[15:39:14.2910][Info]:打印info
[15:39:14.2916][Warn]:打印warn
[15:39:14.2918][Debug]:打印debug
[15:39:14.2919][Error]:打印error
[15:40:00.5737][Info]:[Logger initialized for process]13172
[15:40:00.6075][Info]:打印info
[15:40:00.6081][Warn]:打印warn
[15:40:00.6084][Debug]:打印debug
[15:40:00.6085][Error]:打印error
[15:41:09.3414][Info]:[Logger initialized for process]7572
[15:41:09.3702][Info]:打印info
[15:41:09.3707][Warn]:打印warn
[15:41:09.3709][Debug]:打印debug
[15:41:09.3711][Error]:打印error
[15:42:48.2006][Info]:[Logger initialized for process]7880
[15:42:48.2325][Info]:打印info
[15:42:48.2330][Warn]:打印warn
[15:42:48.2332][Debug]:打印debug
[15:42:48.2333][Error]:打印error
