[18:28:34.4541][Info]:[Logger initialized for process]26592
[18:28:34.4979][Info]:打印info
[18:28:34.4987][Warn]:打印warn
[18:28:34.4992][Debug]:打印debug
[18:28:34.4994][Error]:打印error
[18:29:30.3465][Info]:[Logger initialized for process]24064
[18:29:30.3892][Info]:打印info
[18:29:30.3903][Warn]:打印warn
[18:29:30.3907][Debug]:打印debug
[18:29:30.3910][Error]:打印error
[18:30:27.1928][Info]:[Logger initialized for process]29768
[18:30:27.2371][Info]:打印info
[18:30:27.2378][Warn]:打印warn
[18:30:27.2382][Debug]:打印debug
[18:30:27.2384][Error]:打印error
[18:31:28.5993][Info]:[Logger initialized for process]8056
[18:31:28.6352][Info]:打印info
[18:31:28.6358][Warn]:打印warn
[18:31:28.6368][Debug]:打印debug
[18:31:28.6370][Error]:打印error
[18:47:23.0614][Info]:[Logger initialized for process]9144
[18:47:23.0952][Info]:打印info
[18:47:23.0957][Warn]:打印warn
[18:47:23.0960][Debug]:打印debug
[18:47:23.0961][Error]:打印error
[18:48:15.8507][Info]:[Logger initialized for process]23556
[18:48:15.8984][Info]:打印info
[18:48:15.8996][Warn]:打印warn
[18:48:15.9002][Debug]:打印debug
[18:48:15.9004][Error]:打印error
[20:14:43.1230][Info]:[Logger initialized for process]16624
[20:14:43.1551][Info]:打印info
[20:14:43.1557][Warn]:打印warn
[20:14:43.1560][Debug]:打印debug
[20:14:43.1562][Error]:打印error
